2014-07-07 11:56:58.313 HelloCordova[1096:70b] Multi-tasking -> Device: YES, App: YES
2014-07-07 11:56:59.015 HelloCordova[1096:70b] Unlimited access to network resources
2014-07-07 11:57:01.333 HelloCordova[1096:70b] [CDVTimer][keyboard] 0.117958ms
2014-07-07 11:57:01.334 HelloCordova[1096:70b] CDVPlugin class CDVStatusBar (pluginName: statusbar) does not exist.
2014-07-07 11:57:01.334 HelloCordova[1096:70b] [CDVTimer][statusbar] 0.633001ms
2014-07-07 11:57:01.335 HelloCordova[1096:70b] [CDVTimer][TotalPluginStartup] 2.170026ms
2014-07-07 11:57:02.523 HelloCordova[1096:70b] Resetting plugins due to page load.
2014-07-07 11:57:03.589 HelloCordova[1096:70b] Finished load of: file:///Users/Paul/Library/Application%20Support/iPhone%20Simulator/7.1/Applications/F25BA4B2-72DB-4F71-BFD5-3B9AB5B901D4/HelloCordova.app/www/index.html#/tab/dash
2014-07-07 12:25:40.225 HelloCordova[1528:70b] Multi-tasking -> Device: YES, App: YES
2014-07-07 12:25:40.234 HelloCordova[1528:70b] Unlimited access to network resources
2014-07-07 12:25:48.025 HelloCordova[1528:70b] [CDVTimer][keyboard] 0.105023ms
2014-07-07 12:25:48.025 HelloCordova[1528:70b] CDVPlugin class CDVStatusBar (pluginName: statusbar) does not exist.
2014-07-07 12:25:48.026 HelloCordova[1528:70b] [CDVTimer][statusbar] 0.510037ms
2014-07-07 12:25:48.026 HelloCordova[1528:70b] [CDVTimer][TotalPluginStartup] 1.671016ms
2014-07-07 12:25:48.587 HelloCordova[1528:70b] Resetting plugins due to page load.
2014-07-07 12:25:49.730 HelloCordova[1528:70b] Finished load of: file:///Users/Paul/Library/Application%20Support/iPhone%20Simulator/7.1/Applications/F25BA4B2-72DB-4F71-BFD5-3B9AB5B901D4/HelloCordova.app/www/index.html#/tab/friends
Terminating in response to SpringBoard's termination.
2014-07-08 12:31:44.297 HelloCordova[3974:70b] Multi-tasking -> Device: YES, App: YES
2014-07-08 12:31:45.599 HelloCordova[3974:70b] Unlimited access to network resources
2014-07-08 12:31:51.499 HelloCordova[3974:70b] [CDVTimer][keyboard] 0.136018ms
2014-07-08 12:31:51.500 HelloCordova[3974:70b] CDVPlugin class CDVStatusBar (pluginName: statusbar) does not exist.
2014-07-08 12:31:51.501 HelloCordova[3974:70b] [CDVTimer][statusbar] 0.662982ms
2014-07-08 12:31:51.501 HelloCordova[3974:70b] [CDVTimer][TotalPluginStartup] 2.119958ms
2014-07-08 12:31:53.466 HelloCordova[3974:70b] Resetting plugins due to page load.
2014-07-08 12:31:58.351 HelloCordova[3974:70b] Finished load of: file:///Users/Paul/Library/Application%20Support/iPhone%20Simulator/7.1/Applications/F25BA4B2-72DB-4F71-BFD5-3B9AB5B901D4/HelloCordova.app/www/index.html#/tab/signup
2014-07-08 12:36:49.191 HelloCordova[4510:70b] Multi-tasking -> Device: YES, App: YES
2014-07-08 12:36:49.305 HelloCordova[4510:70b] Unlimited access to network resources
2014-07-08 12:36:49.452 HelloCordova[4510:70b] [CDVTimer][keyboard] 0.100970ms
2014-07-08 12:36:49.453 HelloCordova[4510:70b] CDVPlugin class CDVStatusBar (pluginName: statusbar) does not exist.
2014-07-08 12:36:49.453 HelloCordova[4510:70b] [CDVTimer][statusbar] 0.478983ms
2014-07-08 12:36:49.454 HelloCordova[4510:70b] [CDVTimer][TotalPluginStartup] 1.689017ms
2014-07-08 12:36:50.318 HelloCordova[4510:70b] Resetting plugins due to page load.
2014-07-08 12:36:51.470 HelloCordova[4510:70b] Finished load of: file:///Users/Paul/Library/Application%20Support/iPhone%20Simulator/7.1/Applications/F25BA4B2-72DB-4F71-BFD5-3B9AB5B901D4/HelloCordova.app/www/index.html#/tab/signup
2014-07-08 12:37:13.474 HelloCordova[4510:70b] {}
2014-07-08 12:53:23.878 HelloCordova[4811:70b] Multi-tasking -> Device: YES, App: YES
2014-07-08 12:53:24.002 HelloCordova[4811:70b] Unlimited access to network resources
2014-07-08 12:53:24.316 HelloCordova[4811:70b] [CDVTimer][keyboard] 0.092983ms
2014-07-08 12:53:24.316 HelloCordova[4811:70b] CDVPlugin class CDVStatusBar (pluginName: statusbar) does not exist.
2014-07-08 12:53:24.317 HelloCordova[4811:70b] [CDVTimer][statusbar] 0.482023ms
2014-07-08 12:53:24.317 HelloCordova[4811:70b] [CDVTimer][TotalPluginStartup] 1.581967ms
2014-07-08 12:53:24.861 HelloCordova[4811:70b] Resetting plugins due to page load.
2014-07-08 12:53:26.744 HelloCordova[4811:70b] Finished load of: file:///Users/Paul/Library/Application%20Support/iPhone%20Simulator/7.1/Applications/F25BA4B2-72DB-4F71-BFD5-3B9AB5B901D4/HelloCordova.app/www/index.html#/tab/signup
2014-07-08 12:54:16.022 HelloCordova[4811:70b] {}
2014-07-08 12:54:16.046 HelloCordova[4811:70b] THREAD WARNING: ['Console'] took '23.114990' ms. Plugin should use a background thread.
Terminating in response to SpringBoard's termination.
2014-07-08 14:37:22.622 HelloCordova[5400:70b] Multi-tasking -> Device: YES, App: YES
2014-07-08 14:37:22.744 HelloCordova[5400:70b] Unlimited access to network resources
2014-07-08 14:37:22.920 HelloCordova[5400:70b] [CDVTimer][keyboard] 0.096977ms
2014-07-08 14:37:22.920 HelloCordova[5400:70b] CDVPlugin class CDVStatusBar (pluginName: statusbar) does not exist.
2014-07-08 14:37:22.921 HelloCordova[5400:70b] [CDVTimer][statusbar] 0.491023ms
2014-07-08 14:37:22.921 HelloCordova[5400:70b] [CDVTimer][TotalPluginStartup] 1.673043ms
2014-07-08 14:37:23.185 HelloCordova[5400:70b] Resetting plugins due to page load.
2014-07-08 14:37:25.261 HelloCordova[5400:70b] Finished load of: file:///Users/Paul/Library/Application%20Support/iPhone%20Simulator/7.1/Applications/F25BA4B2-72DB-4F71-BFD5-3B9AB5B901D4/HelloCordova.app/www/index.html#/tab/signup
2014-07-08 14:37:50.545 HelloCordova[5400:70b] https://blistering-fire-5191.firebaseio.com/users
2014-07-08 14:38:01.049 HelloCordova[5400:70b] {}
2014-07-08 14:39:41.078 HelloCordova[5400:70b] {}
2014-07-08 14:42:25.384 HelloCordova[5400:70b] https://blistering-fire-5191.firebaseio.com/users
2014-07-08 16:13:21.515 HelloCordova[5956:70b] Multi-tasking -> Device: YES, App: YES
2014-07-08 16:13:21.662 HelloCordova[5956:70b] Unlimited access to network resources
2014-07-08 16:13:23.490 HelloCordova[5956:70b] [CDVTimer][keyboard] 0.124991ms
2014-07-08 16:13:23.491 HelloCordova[5956:70b] CDVPlugin class CDVStatusBar (pluginName: statusbar) does not exist.
2014-07-08 16:13:23.492 HelloCordova[5956:70b] [CDVTimer][statusbar] 0.756025ms
2014-07-08 16:13:23.492 HelloCordova[5956:70b] [CDVTimer][TotalPluginStartup] 2.180994ms
2014-07-08 16:13:23.822 HelloCordova[5956:70b] Resetting plugins due to page load.
2014-07-08 16:13:24.722 HelloCordova[5956:70b] Finished load of: file:///Users/Paul/Library/Application%20Support/iPhone%20Simulator/7.1/Applications/F25BA4B2-72DB-4F71-BFD5-3B9AB5B901D4/HelloCordova.app/www/index.html#/tab/signup
2014-07-08 16:13:29.910 HelloCordova[5956:70b] https://blistering-fire-5191.firebaseio.com/users
2014-07-08 16:14:00.797 HelloCordova[5956:70b] eadsaf
2014-07-08 16:14:01.723 HelloCordova[5956:70b] eadsaf
2014-07-08 16:14:02.267 HelloCordova[5956:70b] eadsaf
2014-07-08 16:17:25.562 HelloCordova[5956:70b] eadsaf
2014-07-08 16:18:17.752 HelloCordova[6437:70b] Multi-tasking -> Device: YES, App: YES
2014-07-08 16:18:17.764 HelloCordova[6437:70b] Unlimited access to network resources
2014-07-08 16:18:17.799 HelloCordova[6437:70b] [CDVTimer][keyboard] 0.093997ms
2014-07-08 16:18:17.799 HelloCordova[6437:70b] CDVPlugin class CDVStatusBar (pluginName: statusbar) does not exist.
2014-07-08 16:18:17.800 HelloCordova[6437:70b] [CDVTimer][statusbar] 0.486970ms
2014-07-08 16:18:17.800 HelloCordova[6437:70b] [CDVTimer][TotalPluginStartup] 1.689017ms
2014-07-08 16:18:18.120 HelloCordova[6437:70b] Resetting plugins due to page load.
2014-07-08 16:18:19.672 HelloCordova[6437:70b] Finished load of: file:///Users/Paul/Library/Application%20Support/iPhone%20Simulator/7.1/Applications/F25BA4B2-72DB-4F71-BFD5-3B9AB5B901D4/HelloCordova.app/www/index.html#/tab/signup
2014-07-08 16:18:28.843 HelloCordova[6437:70b] https://blistering-fire-5191.firebaseio.com/users
2014-07-08 16:18:57.605 HelloCordova[6437:70b] eadsaf
2014-07-08 16:18:59.150 HelloCordova[6437:70b] eadsaf
2014-07-08 16:18:59.799 HelloCordova[6437:70b] eadsaf
2014-07-08 16:23:25.937 HelloCordova[7127:70b] Multi-tasking -> Device: YES, App: YES
2014-07-08 16:23:25.948 HelloCordova[7127:70b] Unlimited access to network resources
2014-07-08 16:23:26.085 HelloCordova[7127:70b] [CDVTimer][keyboard] 0.100970ms
2014-07-08 16:23:26.086 HelloCordova[7127:70b] CDVPlugin class CDVStatusBar (pluginName: statusbar) does not exist.
2014-07-08 16:23:26.086 HelloCordova[7127:70b] [CDVTimer][statusbar] 0.521004ms
2014-07-08 16:23:26.086 HelloCordova[7127:70b] [CDVTimer][TotalPluginStartup] 1.713037ms
2014-07-08 16:23:26.254 HelloCordova[7127:70b] Resetting plugins due to page load.
2014-07-08 16:23:26.992 HelloCordova[7127:70b] Finished load of: file:///Users/Paul/Library/Application%20Support/iPhone%20Simulator/7.1/Applications/F25BA4B2-72DB-4F71-BFD5-3B9AB5B901D4/HelloCordova.app/www/index.html#/tab/signup
2014-07-08 16:23:50.542 HelloCordova[7127:70b] b
2014-07-08 16:23:50.543 HelloCordova[7127:70b] c
2014-07-08 16:23:52.939 HelloCordova[7127:70b] b
2014-07-08 16:23:52.939 HelloCordova[7127:70b] a
2014-07-08 16:27:09.266 HelloCordova[7819:70b] Multi-tasking -> Device: YES, App: YES
2014-07-08 16:27:09.275 HelloCordova[7819:70b] Unlimited access to network resources
2014-07-08 16:27:09.417 HelloCordova[7819:70b] [CDVTimer][keyboard] 0.096023ms
2014-07-08 16:27:09.455 HelloCordova[7819:70b] CDVPlugin class CDVStatusBar (pluginName: statusbar) does not exist.
2014-07-08 16:27:09.461 HelloCordova[7819:70b] [CDVTimer][statusbar] 6.430984ms
2014-07-08 16:27:09.461 HelloCordova[7819:70b] [CDVTimer][TotalPluginStartup] 44.912994ms
2014-07-08 16:27:09.615 HelloCordova[7819:70b] Resetting plugins due to page load.
2014-07-08 16:27:10.356 HelloCordova[7819:70b] Finished load of: file:///Users/Paul/Library/Application%20Support/iPhone%20Simulator/7.1/Applications/F25BA4B2-72DB-4F71-BFD5-3B9AB5B901D4/HelloCordova.app/www/index.html#/tab/signup
2014-07-08 16:27:30.832 HelloCordova[7819:70b] b
2014-07-08 16:27:30.833 HelloCordova[7819:70b] a
2014-07-08 16:29:03.642 HelloCordova[7819:70b] b
2014-07-08 16:29:03.643 HelloCordova[7819:70b] a
2014-07-08 16:29:17.447 HelloCordova[7819:70b] b
2014-07-08 16:29:17.448 HelloCordova[7819:70b] a
2014-07-08 16:37:28.170 HelloCordova[7819:70b] b
2014-07-08 16:37:28.171 HelloCordova[7819:70b] a
2014-07-08 16:38:43.918 HelloCordova[7819:70b] b
2014-07-08 16:38:43.919 HelloCordova[7819:70b] a
Terminating in response to SpringBoard's termination.
2014-07-08 17:20:19.869 HelloCordova[8679:70b] Multi-tasking -> Device: YES, App: YES
2014-07-08 17:20:19.940 HelloCordova[8679:70b] Unlimited access to network resources
2014-07-08 17:20:22.388 HelloCordova[8679:70b] [CDVTimer][keyboard] 0.128031ms
2014-07-08 17:20:22.389 HelloCordova[8679:70b] CDVPlugin class CDVStatusBar (pluginName: statusbar) does not exist.
2014-07-08 17:20:22.389 HelloCordova[8679:70b] [CDVTimer][statusbar] 0.575960ms
2014-07-08 17:20:22.390 HelloCordova[8679:70b] [CDVTimer][TotalPluginStartup] 1.963973ms
2014-07-08 17:20:22.819 HelloCordova[8679:70b] Resetting plugins due to page load.
2014-07-08 17:20:24.064 HelloCordova[8679:70b] Finished load of: file:///Users/Paul/Library/Application%20Support/iPhone%20Simulator/7.1/Applications/F25BA4B2-72DB-4F71-BFD5-3B9AB5B901D4/HelloCordova.app/www/index.html#/tab/signup
2014-07-08 17:35:32.732 HelloCordova[9174:70b] Multi-tasking -> Device: YES, App: YES
2014-07-08 17:35:32.746 HelloCordova[9174:70b] Unlimited access to network resources
2014-07-08 17:35:32.800 HelloCordova[9174:70b] [CDVTimer][keyboard] 0.102043ms
2014-07-08 17:35:32.801 HelloCordova[9174:70b] CDVPlugin class CDVStatusBar (pluginName: statusbar) does not exist.
2014-07-08 17:35:32.801 HelloCordova[9174:70b] [CDVTimer][statusbar] 0.469983ms
2014-07-08 17:35:32.801 HelloCordova[9174:70b] [CDVTimer][TotalPluginStartup] 1.999021ms
2014-07-08 17:35:32.960 HelloCordova[9174:70b] Resetting plugins due to page load.
2014-07-08 17:35:33.769 HelloCordova[9174:70b] Finished load of: file:///Users/Paul/Library/Application%20Support/iPhone%20Simulator/7.1/Applications/F25BA4B2-72DB-4F71-BFD5-3B9AB5B901D4/HelloCordova.app/www/index.html#/tab/signup
Terminating in response to SpringBoard's termination.
2014-07-08 17:37:48.649 HelloCordova[9654:70b] Multi-tasking -> Device: YES, App: YES
2014-07-08 17:37:48.664 HelloCordova[9654:70b] Unlimited access to network resources
2014-07-08 17:37:48.687 HelloCordova[9654:70b] [CDVTimer][keyboard] 0.097036ms
2014-07-08 17:37:48.698 HelloCordova[9654:70b] CDVPlugin class CDVStatusBar (pluginName: statusbar) does not exist.
2014-07-08 17:37:48.701 HelloCordova[9654:70b] [CDVTimer][statusbar] 2.977014ms
2014-07-08 17:37:48.703 HelloCordova[9654:70b] [CDVTimer][TotalPluginStartup] 15.563965ms
2014-07-08 17:37:48.920 HelloCordova[9654:70b] Resetting plugins due to page load.
2014-07-08 17:37:50.139 HelloCordova[9654:70b] Finished load of: file:///Users/Paul/Library/Application%20Support/iPhone%20Simulator/7.1/Applications/F25BA4B2-72DB-4F71-BFD5-3B9AB5B901D4/HelloCordova.app/www/index.html#/tab/signup
Terminating in response to SpringBoard's termination.
2014-07-08 17:41:55.276 HelloCordova[10146:70b] Multi-tasking -> Device: YES, App: YES
2014-07-08 17:41:55.286 HelloCordova[10146:70b] Unlimited access to network resources
2014-07-08 17:41:55.315 HelloCordova[10146:70b] [CDVTimer][keyboard] 0.100017ms
2014-07-08 17:41:55.321 HelloCordova[10146:70b] CDVPlugin class CDVStatusBar (pluginName: statusbar) does not exist.
2014-07-08 17:41:55.321 HelloCordova[10146:70b] [CDVTimer][statusbar] 0.560999ms
2014-07-08 17:41:55.321 HelloCordova[10146:70b] [CDVTimer][TotalPluginStartup] 6.891966ms
2014-07-08 17:41:55.561 HelloCordova[10146:70b] Resetting plugins due to page load.
2014-07-08 17:41:56.913 HelloCordova[10146:70b] Finished load of: file:///Users/Paul/Library/Application%20Support/iPhone%20Simulator/7.1/Applications/F25BA4B2-72DB-4F71-BFD5-3B9AB5B901D4/HelloCordova.app/www/index.html#/tab/signup
